文件记录-2020-07-26 15:28:34 [restartedMain] INFO  org.springframework.web.servlet.mvc.method.annotation.RequestMappingHandlerMapping - Mapped "{[/delete]}" onto public java.lang.String springBoot.controller.UserController.delete(java.lang.Long)
文件记录-2020-07-26 15:28:34 [restartedMain] INFO  org.springframework.web.servlet.mvc.method.annotation.RequestMappingHandlerMapping - Mapped "{[/list]}" onto public java.lang.String springBoot.controller.UserController.list(org.springframework.ui.Model)
文件记录-2020-07-26 15:28:34 [restartedMain] INFO  org.springframework.web.servlet.mvc.method.annotation.RequestMappingHandlerMapping - Mapped "{[/toEdit]}" onto public java.lang.String springBoot.controller.UserController.toEdit(org.springframework.ui.Model,java.lang.Long)
文件记录-2020-07-26 15:28:34 [restartedMain] INFO  org.springframework.web.servlet.mvc.method.annotation.RequestMappingHandlerMapping - Mapped "{[/toAdd]}" onto public java.lang.String springBoot.controller.UserController.toadd(springBoot.bean.User)
文件记录-2020-07-26 15:28:34 [restartedMain] INFO  org.springframework.web.servlet.mvc.method.annotation.RequestMappingHandlerMapping - Mapped "{[/edit]}" onto public java.lang.String springBoot.controller.UserController.edit(springBoot.bean.User)
文件记录-2020-07-26 15:28:34 [restartedMain] INFO  org.springframework.web.servlet.mvc.method.annotation.RequestMappingHandlerMapping - Mapped "{[/error]}" onto public org.springframework.http.ResponseEntity<java.util.Map<java.lang.String, java.lang.Object>> org.springframework.boot.autoconfigure.web.servlet.error.BasicErrorController.error(javax.servlet.http.HttpServletRequest)
文件记录-2020-07-26 15:28:34 [restartedMain] INFO  org.springframework.web.servlet.mvc.method.annotation.RequestMappingHandlerMapping - Mapped "{[/error],produces=[text/html]}" onto public org.springframework.web.servlet.ModelAndView org.springframework.boot.autoconfigure.web.servlet.error.BasicErrorController.errorHtml(javax.servlet.http.HttpServletRequest,javax.servlet.http.HttpServletResponse)
文件记录-2020-07-26 15:28:34 [restartedMain] INFO  org.springframework.web.servlet.handler.SimpleUrlHandlerMapping - Mapped URL path [/webjars/**] onto handler of type [class org.springframework.web.servlet.resource.ResourceHttpRequestHandler]
文件记录-2020-07-26 15:28:34 [restartedMain] INFO  org.springframework.web.servlet.handler.SimpleUrlHandlerMapping - Mapped URL path [/**] onto handler of type [class org.springframework.web.servlet.resource.ResourceHttpRequestHandler]
文件记录-2020-07-26 15:28:34 [restartedMain] INFO  org.springframework.web.servlet.handler.SimpleUrlHandlerMapping - Mapped URL path [/**/favicon.ico] onto handler of type [class org.springframework.web.servlet.resource.ResourceHttpRequestHandler]
文件记录-2020-07-26 15:28:34 [restartedMain] WARN  org.thymeleaf.templatemode.TemplateMode - [THYMELEAF][restartedMain] Template Mode 'LEGACYHTML5' is deprecated. Using Template Mode 'HTML' instead.
文件记录-2020-07-26 15:28:34 [restartedMain] INFO  org.springframework.boot.devtools.autoconfigure.OptionalLiveReloadServer - LiveReload server is running on port 35729
文件记录-2020-07-26 15:28:34 [restartedMain] INFO  org.springframework.jmx.export.annotation.AnnotationMBeanExporter - Registering beans for JMX exposure on startup
文件记录-2020-07-26 15:28:34 [restartedMain] INFO  org.springframework.jmx.export.annotation.AnnotationMBeanExporter - Bean with name 'dataSource' has been autodetected for JMX exposure
文件记录-2020-07-26 15:28:34 [restartedMain] INFO  org.springframework.jmx.export.annotation.AnnotationMBeanExporter - Located MBean 'dataSource': registering with JMX server as MBean [com.zaxxer.hikari:name=dataSource,type=HikariDataSource]
文件记录-2020-07-26 15:28:34 [restartedMain] INFO  org.apache.coyote.http11.Http11NioProtocol - Starting ProtocolHandler ["http-nio-8083"]
文件记录-2020-07-26 15:28:34 [restartedMain] INFO  org.apache.tomcat.util.net.NioSelectorPool - Using a shared selector for servlet write/read
文件记录-2020-07-26 15:28:34 [restartedMain] INFO  org.springframework.boot.web.embedded.tomcat.TomcatWebServer - Tomcat started on port(s): 8083 (http) with context path ''
文件记录-2020-07-26 15:28:34 [restartedMain] INFO  springBoot.Application - Started Application in 0.98 seconds (JVM running for 191.844)
文件记录-2020-07-26 15:28:34 [restartedMain] INFO  org.springframework.boot.devtools.autoconfigure.ConditionEvaluationDeltaLoggingListener - Condition evaluation unchanged
文件记录-2020-07-26 15:29:20 [http-nio-8083-exec-1] INFO  org.apache.catalina.core.ContainerBase.[Tomcat].[localhost].[/] - Initializing Spring FrameworkServlet 'dispatcherServlet'
文件记录-2020-07-26 15:29:20 [http-nio-8083-exec-1] INFO  org.springframework.web.servlet.DispatcherServlet - FrameworkServlet 'dispatcherServlet': initialization started
文件记录-2020-07-26 15:29:20 [http-nio-8083-exec-1] INFO  org.springframework.web.servlet.DispatcherServlet - FrameworkServlet 'dispatcherServlet': initialization completed in 11 ms
文件记录-2020-07-26 15:29:20 [http-nio-8083-exec-1] INFO  springBoot.aspect.LogAspect - ---------doBefore-------------
文件记录-2020-07-26 15:29:20 [http-nio-8083-exec-1] INFO  springBoot.aspect.LogAspect - Request : RequestLog [url=http://localhost:8083/, ip=0:0:0:0:0:0:0:1, classMethod=springBoot.controller.UserController.index, args=[]]
文件记录-2020-07-26 15:29:20 [http-nio-8083-exec-1] INFO  springBoot.aspect.LogAspect - ---------doAfter-------------
文件记录-2020-07-26 15:29:20 [http-nio-8083-exec-1] INFO  springBoot.aspect.LogAspect - Result : redirect:/list
文件记录-2020-07-26 15:29:20 [http-nio-8083-exec-2] INFO  springBoot.aspect.LogAspect - ---------doBefore-------------
文件记录-2020-07-26 15:29:20 [http-nio-8083-exec-2] INFO  springBoot.aspect.LogAspect - Request : RequestLog [url=http://localhost:8083/list, ip=0:0:0:0:0:0:0:1, classMethod=springBoot.controller.UserController.list, args=[{}]]
文件记录-2020-07-26 15:29:20 [http-nio-8083-exec-2] INFO  org.hibernate.hql.internal.QueryTranslatorFactoryInitiator - HHH000397: Using ASTQueryTranslatorFactory
文件记录-2020-07-26 15:29:20 [http-nio-8083-exec-2] INFO  springBoot.aspect.LogAspect - ---------doAfter-------------
文件记录-2020-07-26 15:29:20 [http-nio-8083-exec-2] INFO  springBoot.aspect.LogAspect - Result : user/list
文件记录-2020-07-26 15:29:22 [http-nio-8083-exec-5] INFO  springBoot.aspect.LogAspect - ---------doBefore-------------
文件记录-2020-07-26 15:29:22 [http-nio-8083-exec-5] INFO  springBoot.aspect.LogAspect - Request : RequestLog [url=http://localhost:8083/toEdit, ip=0:0:0:0:0:0:0:1, classMethod=springBoot.controller.UserController.toEdit, args=[{}, 3]]
文件记录-2020-07-26 15:29:22 [http-nio-8083-exec-5] INFO  springBoot.aspect.LogAspect - ---------doAfter-------------
文件记录-2020-07-26 15:29:22 [http-nio-8083-exec-5] INFO  springBoot.aspect.LogAspect - Result : user/userEdit
文件记录-2020-07-26 15:29:25 [http-nio-8083-exec-6] INFO  springBoot.aspect.LogAspect - ---------doBefore-------------
文件记录-2020-07-26 15:29:25 [http-nio-8083-exec-6] INFO  springBoot.aspect.LogAspect - Request : RequestLog [url=http://localhost:8083/edit, ip=0:0:0:0:0:0:0:1, classMethod=springBoot.controller.UserController.edit, args=[User [id=3, password=11222222, userName=网页, age=21]]]
文件记录-2020-07-26 15:29:25 [http-nio-8083-exec-6] INFO  springBoot.aspect.LogAspect - ---------doAfter-------------
文件记录-2020-07-26 15:29:25 [http-nio-8083-exec-6] INFO  springBoot.aspect.LogAspect - Result : redirect:/list
文件记录-2020-07-26 15:29:25 [http-nio-8083-exec-7] INFO  springBoot.aspect.LogAspect - ---------doBefore-------------
文件记录-2020-07-26 15:29:25 [http-nio-8083-exec-7] INFO  springBoot.aspect.LogAspect - Request : RequestLog [url=http://localhost:8083/list, ip=0:0:0:0:0:0:0:1, classMethod=springBoot.controller.UserController.list, args=[{}]]
文件记录-2020-07-26 15:29:25 [http-nio-8083-exec-7] INFO  springBoot.aspect.LogAspect - ---------doAfter-------------
文件记录-2020-07-26 15:29:25 [http-nio-8083-exec-7] INFO  springBoot.aspect.LogAspect - Result : user/list
文件记录-2020-07-26 15:31:19 [http-nio-8083-exec-9] INFO  springBoot.aspect.LogAspect - ---------doBefore-------------
文件记录-2020-07-26 15:31:19 [http-nio-8083-exec-9] INFO  springBoot.aspect.LogAspect - Request : RequestLog [url=http://localhost:8083/toEdit, ip=0:0:0:0:0:0:0:1, classMethod=springBoot.controller.UserController.toEdit, args=[{}, 4]]
文件记录-2020-07-26 15:31:19 [http-nio-8083-exec-9] INFO  springBoot.aspect.LogAspect - ---------doAfter-------------
文件记录-2020-07-26 15:31:19 [http-nio-8083-exec-9] INFO  springBoot.aspect.LogAspect - Result : user/userEdit
文件记录-2020-07-26 15:31:22 [http-nio-8083-exec-1] INFO  springBoot.aspect.LogAspect - ---------doBefore-------------
文件记录-2020-07-26 15:31:22 [http-nio-8083-exec-1] INFO  springBoot.aspect.LogAspect - Request : RequestLog [url=http://localhost:8083/edit, ip=0:0:0:0:0:0:0:1, classMethod=springBoot.controller.UserController.edit, args=[User [id=4, password=557878, userName=开口, age=32]]]
文件记录-2020-07-26 15:31:22 [http-nio-8083-exec-1] INFO  springBoot.aspect.LogAspect - ---------doAfter-------------
文件记录-2020-07-26 15:31:22 [http-nio-8083-exec-1] INFO  springBoot.aspect.LogAspect - Result : redirect:/list
文件记录-2020-07-26 15:31:22 [http-nio-8083-exec-2] INFO  springBoot.aspect.LogAspect - ---------doBefore-------------
文件记录-2020-07-26 15:31:22 [http-nio-8083-exec-2] INFO  springBoot.aspect.LogAspect - Request : RequestLog [url=http://localhost:8083/list, ip=0:0:0:0:0:0:0:1, classMethod=springBoot.controller.UserController.list, args=[{}]]
文件记录-2020-07-26 15:31:22 [http-nio-8083-exec-2] INFO  springBoot.aspect.LogAspect - ---------doAfter-------------
文件记录-2020-07-26 15:31:22 [http-nio-8083-exec-2] INFO  springBoot.aspect.LogAspect - Result : user/list
文件记录-2020-07-26 15:34:09 [RMI TCP Connection(4)-127.0.0.1] INFO  org.springframework.boot.admin.SpringApplicationAdminMXBeanRegistrar$SpringApplicationAdmin - Application shutdown requested.
文件记录-2020-07-26 15:34:09 [RMI TCP Connection(4)-127.0.0.1] INFO  org.springframework.boot.web.servlet.context.AnnotationConfigServletWebServerApplicationContext - Closing org.springframework.boot.web.servlet.context.AnnotationConfigServletWebServerApplicationContext@74aa9daf: startup date [Sun Jul 26 15:28:33 CST 2020]; root of context hierarchy
文件记录-2020-07-26 15:34:09 [RMI TCP Connection(4)-127.0.0.1] INFO  org.springframework.jmx.export.annotation.AnnotationMBeanExporter - Unregistering JMX-exposed beans on shutdown
文件记录-2020-07-26 15:34:09 [RMI TCP Connection(4)-127.0.0.1] INFO  org.springframework.jmx.export.annotation.AnnotationMBeanExporter - Unregistering JMX-exposed beans
文件记录-2020-07-26 15:34:09 [RMI TCP Connection(4)-127.0.0.1] INFO  org.springframework.orm.jpa.LocalContainerEntityManagerFactoryBean - Closing JPA EntityManagerFactory for persistence unit 'default'
文件记录-2020-07-26 15:34:09 [RMI TCP Connection(4)-127.0.0.1] INFO  com.zaxxer.hikari.HikariDataSource - HikariPool-3 - Shutdown initiated...
文件记录-2020-07-26 15:34:09 [RMI TCP Connection(4)-127.0.0.1] INFO  com.zaxxer.hikari.HikariDataSource - HikariPool-3 - Shutdown completed.
文件记录-2020-07-26 16:07:20 [restartedMain] INFO  org.springframework.boot.web.embedded.tomcat.TomcatWebServer - Tomcat initialized with port(s): 8083 (http)
文件记录-2020-07-26 16:07:20 [restartedMain] INFO  org.apache.coyote.http11.Http11NioProtocol - Initializing ProtocolHandler ["http-nio-8083"]
文件记录-2020-07-26 16:07:20 [restartedMain] INFO  org.apache.catalina.core.StandardService - Starting service [Tomcat]
文件记录-2020-07-26 16:07:20 [restartedMain] INFO  org.apache.catalina.core.StandardEngine - Starting Servlet Engine: Apache Tomcat/8.5.28
文件记录-2020-07-26 16:07:20 [localhost-startStop-1] INFO  org.apache.catalina.core.AprLifecycleListener - Loaded APR based Apache Tomcat Native library [1.2.16] using APR version [1.6.3].
文件记录-2020-07-26 16:07:20 [localhost-startStop-1] INFO  org.apache.catalina.core.AprLifecycleListener - APR capabilities: IPv6 [true], sendfile [true], accept filters [false], random [true].
文件记录-2020-07-26 16:07:20 [localhost-startStop-1] INFO  org.apache.catalina.core.AprLifecycleListener - APR/OpenSSL configuration: useAprConnector [false], useOpenSSL [true]
文件记录-2020-07-26 16:07:21 [localhost-startStop-1] INFO  org.apache.catalina.core.AprLifecycleListener - OpenSSL successfully initialized [OpenSSL 1.0.2m  2 Nov 2017]
文件记录-2020-07-26 16:07:21 [localhost-startStop-1] INFO  org.apache.jasper.servlet.TldScanner - At least one JAR was scanned for TLDs yet contained no TLDs. Enable debug logging for this logger for a complete list of JARs that were scanned but no TLDs were found in them. Skipping unneeded JARs during scanning can improve startup time and JSP compilation time.
文件记录-2020-07-26 16:07:21 [localhost-startStop-1] INFO  org.apache.catalina.core.ContainerBase.[Tomcat].[localhost].[/] - Initializing Spring embedded WebApplicationContext
文件记录-2020-07-26 16:07:21 [localhost-startStop-1] INFO  org.springframework.web.context.ContextLoader - Root WebApplicationContext: initialization completed in 2099 ms
文件记录-2020-07-26 16:07:21 [localhost-startStop-1] INFO  org.springframework.boot.web.servlet.ServletRegistrationBean - Servlet dispatcherServlet mapped to [/]
文件记录-2020-07-26 16:07:21 [localhost-startStop-1] INFO  org.springframework.boot.web.servlet.FilterRegistrationBean - Mapping filter: 'characterEncodingFilter' to: [/*]
文件记录-2020-07-26 16:07:21 [localhost-startStop-1] INFO  org.springframework.boot.web.servlet.FilterRegistrationBean - Mapping filter: 'hiddenHttpMethodFilter' to: [/*]
文件记录-2020-07-26 16:07:21 [localhost-startStop-1] INFO  org.springframework.boot.web.servlet.FilterRegistrationBean - Mapping filter: 'httpPutFormContentFilter' to: [/*]
文件记录-2020-07-26 16:07:21 [localhost-startStop-1] INFO  org.springframework.boot.web.servlet.FilterRegistrationBean - Mapping filter: 'requestContextFilter' to: [/*]
文件记录-2020-07-26 16:07:21 [restartedMain] INFO  com.zaxxer.hikari.HikariDataSource - HikariPool-1 - Starting...
文件记录-2020-07-26 16:07:21 [restartedMain] INFO  com.zaxxer.hikari.HikariDataSource - HikariPool-1 - Start completed.
文件记录-2020-07-26 16:07:21 [restartedMain] INFO  org.springframework.orm.jpa.LocalContainerEntityManagerFactoryBean - Building JPA container EntityManagerFactory for persistence unit 'default'
文件记录-2020-07-26 16:07:21 [restartedMain] INFO  org.hibernate.jpa.internal.util.LogHelper - HHH000204: Processing PersistenceUnitInfo [
	name: default
	...]
文件记录-2020-07-26 16:07:21 [restartedMain] INFO  org.hibernate.Version - HHH000412: Hibernate Core {5.2.14.Final}
文件记录-2020-07-26 16:07:21 [restartedMain] INFO  org.hibernate.cfg.Environment - HHH000206: hibernate.properties not found
文件记录-2020-07-26 16:07:21 [restartedMain] INFO  org.hibernate.annotations.common.Version - HCANN000001: Hibernate Commons Annotations {5.0.1.Final}
文件记录-2020-07-26 16:07:21 [restartedMain] INFO  org.hibernate.dialect.Dialect - HHH000400: Using dialect: org.hibernate.dialect.MySQL5InnoDBDialect
文件记录-2020-07-26 16:07:22 [restartedMain] INFO  org.springframework.orm.jpa.LocalContainerEntityManagerFactoryBean - Initialized JPA EntityManagerFactory for persistence unit 'default'
文件记录-2020-07-26 16:07:22 [restartedMain] INFO  org.hibernate.hql.internal.QueryTranslatorFactoryInitiator - HHH000397: Using ASTQueryTranslatorFactory
文件记录-2020-07-26 16:07:22 [restartedMain] WARN  org.springframework.boot.web.servlet.context.AnnotationConfigServletWebServerApplicationContext - Exception encountered during context initialization - cancelling refresh attempt: org.springframework.beans.factory.BeanCreationException: Error creating bean with name 'userController': Injection of resource dependencies failed; nested exception is org.springframework.beans.factory.UnsatisfiedDependencyException: Error creating bean with name 'userServiceImpl': Unsatisfied dependency expressed through field 'userRepository'; nested exception is org.springframework.beans.factory.BeanCreationException: Error creating bean with name 'userRepository': Invocation of init method failed; nested exception is java.lang.IllegalArgumentException: Validation failed for query for method public abstract java.util.List springBoot.repository.UserRepository.findByQuery(java.lang.String)!
文件记录-2020-07-26 16:07:22 [restartedMain] INFO  org.springframework.orm.jpa.LocalContainerEntityManagerFactoryBean - Closing JPA EntityManagerFactory for persistence unit 'default'
文件记录-2020-07-26 16:07:22 [restartedMain] INFO  com.zaxxer.hikari.HikariDataSource - HikariPool-1 - Shutdown initiated...
文件记录-2020-07-26 16:07:22 [restartedMain] INFO  com.zaxxer.hikari.HikariDataSource - HikariPool-1 - Shutdown completed.
文件记录-2020-07-26 16:07:22 [restartedMain] INFO  org.apache.catalina.core.StandardService - Stopping service [Tomcat]
文件记录-2020-07-26 16:07:22 [restartedMain] INFO  org.springframework.boot.autoconfigure.logging.ConditionEvaluationReportLoggingListener - 

Error starting ApplicationContext. To display the conditions report re-run your application with 'debug' enabled.
文件记录-2020-07-26 16:07:22 [restartedMain] ERROR org.springframework.boot.SpringApplication - Application run failed
org.springframework.beans.factory.BeanCreationException: Error creating bean with name 'userController': Injection of resource dependencies failed; nested exception is org.springframework.beans.factory.UnsatisfiedDependencyException: Error creating bean with name 'userServiceImpl': Unsatisfied dependency expressed through field 'userRepository'; nested exception is org.springframework.beans.factory.BeanCreationException: Error creating bean with name 'userRepository': Invocation of init method failed; nested exception is java.lang.IllegalArgumentException: Validation failed for query for method public abstract java.util.List springBoot.repository.UserRepository.findByQuery(java.lang.String)!
	at org.springframework.context.annotation.CommonAnnotationBeanPostProcessor.postProcessPropertyValues(CommonAnnotationBeanPostProcessor.java:321)
	at org.springframework.beans.factory.support.AbstractAutowireCapableBeanFactory.populateBean(AbstractAutowireCapableBeanFactory.java:1344)
	at org.springframework.beans.factory.support.AbstractAutowireCapableBeanFactory.doCreateBean(AbstractAutowireCapableBeanFactory.java:582)
	at org.springframework.beans.factory.support.AbstractAutowireCapableBeanFactory.createBean(AbstractAutowireCapableBeanFactory.java:502)
	at org.springframework.beans.factory.support.AbstractBeanFactory.lambda$doGetBean$0(AbstractBeanFactory.java:312)
	at org.springframework.beans.factory.support.DefaultSingletonBeanRegistry.getSingleton(DefaultSingletonBeanRegistry.java:228)
	at org.springframework.beans.factory.support.AbstractBeanFactory.doGetBean(AbstractBeanFactory.java:310)
	at org.springframework.beans.factory.support.AbstractBeanFactory.getBean(AbstractBeanFactory.java:200)
	at org.springframework.beans.factory.support.DefaultListableBeanFactory.preInstantiateSingletons(DefaultListableBeanFactory.java:760)
	at org.springframework.context.support.AbstractApplicationContext.finishBeanFactoryInitialization(AbstractApplicationContext.java:868)
	at org.springframework.context.support.AbstractApplicationContext.refresh(AbstractApplicationContext.java:549)
	at org.springframework.boot.web.servlet.context.ServletWebServerApplicationContext.refresh(ServletWebServerApplicationContext.java:140)
	at org.springframework.boot.SpringApplication.refresh(SpringApplication.java:752)
	at org.springframework.boot.SpringApplication.refreshContext(SpringApplication.java:388)
	at org.springframework.boot.SpringApplication.run(SpringApplication.java:327)
	at org.springframework.boot.SpringApplication.run(SpringApplication.java:1246)
	at org.springframework.boot.SpringApplication.run(SpringApplication.java:1234)
	at springBoot.Application.main(Application.java:27)
	at sun.reflect.NativeMethodAccessorImpl.invoke0(Native Method)
	at sun.reflect.NativeMethodAccessorImpl.invoke(NativeMethodAccessorImpl.java:62)
	at sun.reflect.DelegatingMethodAccessorImpl.invoke(DelegatingMethodAccessorImpl.java:43)
	at java.lang.reflect.Method.invoke(Method.java:498)
	at org.springframework.boot.devtools.restart.RestartLauncher.run(RestartLauncher.java:49)
Caused by: org.springframework.beans.factory.UnsatisfiedDependencyException: Error creating bean with name 'userServiceImpl': Unsatisfied dependency expressed through field 'userRepository'; nested exception is org.springframework.beans.factory.BeanCreationException: Error creating bean with name 'userRepository': Invocation of init method failed; nested exception is java.lang.IllegalArgumentException: Validation failed for query for method public abstract java.util.List springBoot.repository.UserRepository.findByQuery(java.lang.String)!
	at org.springframework.beans.factory.annotation.AutowiredAnnotationBeanPostProcessor$AutowiredFieldElement.inject(AutowiredAnnotationBeanPostProcessor.java:587)
	at org.springframework.beans.factory.annotation.InjectionMetadata.inject(InjectionMetadata.java:91)
	at org.springframework.beans.factory.annotation.AutowiredAnnotationBeanPostProcessor.postProcessPropertyValues(AutowiredAnnotationBeanPostProcessor.java:373)
	at org.springframework.beans.factory.support.AbstractAutowireCapableBeanFactory.populateBean(AbstractAutowireCapableBeanFactory.java:1344)
	at org.springframework.beans.factory.support.AbstractAutowireCapableBeanFactory.doCreateBean(AbstractAutowireCapableBeanFactory.java:582)
	at org.springframework.beans.factory.support.AbstractAutowireCapableBeanFactory.createBean(AbstractAutowireCapableBeanFactory.java:502)
	at org.springframework.beans.factory.support.AbstractBeanFactory.lambda$doGetBean$0(AbstractBeanFactory.java:312)
	at org.springframework.beans.factory.support.DefaultSingletonBeanRegistry.getSingleton(DefaultSingletonBeanRegistry.java:228)
	at org.springframework.beans.factory.support.AbstractBeanFactory.doGetBean(AbstractBeanFactory.java:310)
	at org.springframework.beans.factory.support.AbstractBeanFactory.getBean(AbstractBeanFactory.java:200)
	at org.springframework.beans.factory.config.DependencyDescriptor.resolveCandidate(DependencyDescriptor.java:251)
	at org.springframework.beans.factory.support.DefaultListableBeanFactory.doResolveDependency(DefaultListableBeanFactory.java:1138)
	at org.springframework.beans.factory.support.DefaultListableBeanFactory.resolveDependency(DefaultListableBeanFactory.java:1065)
	at org.springframework.context.annotation.CommonAnnotationBeanPostProcessor.autowireResource(CommonAnnotationBeanPostProcessor.java:506)
	at org.springframework.context.annotation.CommonAnnotationBeanPostProcessor.getResource(CommonAnnotationBeanPostProcessor.java:484)
	at org.springframework.context.annotation.CommonAnnotationBeanPostProcessor$ResourceElement.getResourceToInject(CommonAnnotationBeanPostProcessor.java:618)
	at org.springframework.beans.factory.annotation.InjectionMetadata$InjectedElement.inject(InjectionMetadata.java:177)
	at org.springframework.beans.factory.annotation.InjectionMetadata.inject(InjectionMetadata.java:91)
	at org.springframework.context.annotation.CommonAnnotationBeanPostProcessor.postProcessPropertyValues(CommonAnnotationBeanPostProcessor.java:318)
	... 22 common frames omitted
Caused by: org.springframework.beans.factory.BeanCreationException: Error creating bean with name 'userRepository': Invocation of init method failed; nested exception is java.lang.IllegalArgumentException: Validation failed for query for method public abstract java.util.List springBoot.repository.UserRepository.findByQuery(java.lang.String)!
	at org.springframework.beans.factory.support.AbstractAutowireCapableBeanFactory.initializeBean(AbstractAutowireCapableBeanFactory.java:1710)
	at org.springframework.beans.factory.support.AbstractAutowireCapableBeanFactory.doCreateBean(AbstractAutowireCapableBeanFactory.java:583)
	at org.springframework.beans.factory.support.AbstractAutowireCapableBeanFactory.createBean(AbstractAutowireCapableBeanFactory.java:502)
	at org.springframework.beans.factory.support.AbstractBeanFactory.lambda$doGetBean$0(AbstractBeanFactory.java:312)
	at org.springframework.beans.factory.support.DefaultSingletonBeanRegistry.getSingleton(DefaultSingletonBeanRegistry.java:228)
	at org.springframework.beans.factory.support.AbstractBeanFactory.doGetBean(AbstractBeanFactory.java:310)
	at org.springframework.beans.factory.support.AbstractBeanFactory.getBean(AbstractBeanFactory.java:200)
	at org.springframework.beans.factory.config.DependencyDescriptor.resolveCandidate(DependencyDescriptor.java:251)
	at org.springframework.beans.factory.support.DefaultListableBeanFactory.doResolveDependency(DefaultListableBeanFactory.java:1138)
	at org.springframework.beans.factory.support.DefaultListableBeanFactory.resolveDependency(DefaultListableBeanFactory.java:1065)
	at org.springframework.beans.factory.annotation.AutowiredAnnotationBeanPostProcessor$AutowiredFieldElement.inject(AutowiredAnnotationBeanPostProcessor.java:584)
	... 40 common frames omitted
Caused by: java.lang.IllegalArgumentException: Validation failed for query for method public abstract java.util.List springBoot.repository.UserRepository.findByQuery(java.lang.String)!
	at org.springframework.data.jpa.repository.query.SimpleJpaQuery.validateQuery(SimpleJpaQuery.java:93)
	at org.springframework.data.jpa.repository.query.SimpleJpaQuery.<init>(SimpleJpaQuery.java:63)
	at org.springframework.data.jpa.repository.query.JpaQueryFactory.fromMethodWithQueryString(JpaQueryFactory.java:76)
	at org.springframework.data.jpa.repository.query.JpaQueryFactory.fromQueryAnnotation(JpaQueryFactory.java:56)
	at org.springframework.data.jpa.repository.query.JpaQueryLookupStrategy$DeclaredQueryLookupStrategy.resolveQuery(JpaQueryLookupStrategy.java:139)
	at org.springframework.data.jpa.repository.query.JpaQueryLookupStrategy$CreateIfNotFoundQueryLookupStrategy.resolveQuery(JpaQueryLookupStrategy.java:206)
	at org.springframework.data.jpa.repository.query.JpaQueryLookupStrategy$AbstractQueryLookupStrategy.resolveQuery(JpaQueryLookupStrategy.java:79)
	at org.springframework.data.repository.core.support.RepositoryFactorySupport$QueryExecutorMethodInterceptor.lookupQuery(RepositoryFactorySupport.java:553)
	at org.springframework.data.repository.core.support.RepositoryFactorySupport$QueryExecutorMethodInterceptor.lambda$mapMethodsToQuery$1(RepositoryFactorySupport.java:546)
	at java.util.stream.ReferencePipeline$3$1.accept(ReferencePipeline.java:193)
	at java.util.Iterator.forEachRemaining(Iterator.java:116)
	at java.util.Collections$UnmodifiableCollection$1.forEachRemaining(Collections.java:1049)
	at java.util.Spliterators$IteratorSpliterator.forEachRemaining(Spliterators.java:1801)
	at java.util.stream.AbstractPipeline.copyInto(AbstractPipeline.java:481)
	at java.util.stream.AbstractPipeline.wrapAndCopyInto(AbstractPipeline.java:471)
	at java.util.stream.ReduceOps$ReduceOp.evaluateSequential(ReduceOps.java:708)
	at java.util.stream.AbstractPipeline.evaluate(AbstractPipeline.java:234)
	at java.util.stream.ReferencePipeline.collect(ReferencePipeline.java:499)
	at org.springframework.data.repository.core.support.RepositoryFactorySupport$QueryExecutorMethodInterceptor.mapMethodsToQuery(RepositoryFactorySupport.java:548)
	at org.springframework.data.repository.core.support.RepositoryFactorySupport$QueryExecutorMethodInterceptor.lambda$new$0(RepositoryFactorySupport.java:538)
	at java.util.Optional.map(Optional.java:215)
	at org.springframework.data.repository.core.support.RepositoryFactorySupport$QueryExecutorMethodInterceptor.<init>(RepositoryFactorySupport.java:538)
	at org.springframework.data.repository.core.support.RepositoryFactorySupport.getRepository(RepositoryFactorySupport.java:317)
	at org.springframework.data.repository.core.support.RepositoryFactoryBeanSupport.lambda$afterPropertiesSet$3(RepositoryFactoryBeanSupport.java:287)
	at org.springframework.data.util.Lazy.getNullable(Lazy.java:141)
	at org.springframework.data.util.Lazy.get(Lazy.java:63)
	at org.springframework.data.repository.core.support.RepositoryFactoryBeanSupport.afterPropertiesSet(RepositoryFactoryBeanSupport.java:290)
	at org.springframework.data.jpa.repository.support.JpaRepositoryFactoryBean.afterPropertiesSet(JpaRepositoryFactoryBean.java:102)
	at org.springframework.beans.factory.support.AbstractAutowireCapableBeanFactory.invokeInitMethods(AbstractAutowireCapableBeanFactory.java:1769)
	at org.springframework.beans.factory.support.AbstractAutowireCapableBeanFactory.initializeBean(AbstractAutowireCapableBeanFactory.java:1706)
	... 50 common frames omitted
Caused by: java.lang.IllegalArgumentException: org.hibernate.hql.internal.ast.QuerySyntaxException: user is not mapped [select t from user t where t.username like ?1]
	at org.hibernate.internal.ExceptionConverterImpl.convert(ExceptionConverterImpl.java:133)
	at org.hibernate.internal.ExceptionConverterImpl.convert(ExceptionConverterImpl.java:157)
	at org.hibernate.internal.ExceptionConverterImpl.convert(ExceptionConverterImpl.java:164)
	at org.hibernate.internal.AbstractSharedSessionContract.createQuery(AbstractSharedSessionContract.java:670)
	at org.hibernate.internal.AbstractSessionImpl.createQuery(AbstractSessionImpl.java:23)
	at sun.reflect.NativeMethodAccessorImpl.invoke0(Native Method)
	at sun.reflect.NativeMethodAccessorImpl.invoke(NativeMethodAccessorImpl.java:62)
	at sun.reflect.DelegatingMethodAccessorImpl.invoke(DelegatingMethodAccessorImpl.java:43)
	at java.lang.reflect.Method.invoke(Method.java:498)
	at org.springframework.orm.jpa.ExtendedEntityManagerCreator$ExtendedEntityManagerInvocationHandler.invoke(ExtendedEntityManagerCreator.java:350)
	at com.sun.proxy.$Proxy95.createQuery(Unknown Source)
	at org.springframework.data.jpa.repository.query.SimpleJpaQuery.validateQuery(SimpleJpaQuery.java:87)
	... 79 common frames omitted
Caused by: org.hibernate.hql.internal.ast.QuerySyntaxException: user is not mapped [select t from user t where t.username like ?1]
	at org.hibernate.hql.internal.ast.QuerySyntaxException.generateQueryException(QuerySyntaxException.java:79)
	at org.hibernate.QueryException.wrapWithQueryString(QueryException.java:103)
	at org.hibernate.hql.internal.ast.QueryTranslatorImpl.doCompile(QueryTranslatorImpl.java:217)
	at org.hibernate.hql.internal.ast.QueryTranslatorImpl.compile(QueryTranslatorImpl.java:141)
	at org.hibernate.engine.query.spi.HQLQueryPlan.<init>(HQLQueryPlan.java:115)
	at org.hibernate.engine.query.spi.HQLQueryPlan.<init>(HQLQueryPlan.java:77)
	at org.hibernate.engine.query.spi.QueryPlanCache.getHQLQueryPlan(QueryPlanCache.java:153)
	at org.hibernate.internal.AbstractSharedSessionContract.getQueryPlan(AbstractSharedSessionContract.java:553)
	at org.hibernate.internal.AbstractSharedSessionContract.createQuery(AbstractSharedSessionContract.java:662)
	... 87 common frames omitted
Caused by: org.hibernate.hql.internal.ast.QuerySyntaxException: user is not mapped
	at org.hibernate.hql.internal.ast.util.SessionFactoryHelper.requireClassPersister(SessionFactoryHelper.java:171)
	at org.hibernate.hql.internal.ast.tree.FromElementFactory.addFromElement(FromElementFactory.java:91)
	at org.hibernate.hql.internal.ast.tree.FromClause.addFromElement(FromClause.java:79)
	at org.hibernate.hql.internal.ast.HqlSqlWalker.createFromElement(HqlSqlWalker.java:326)
	at org.hibernate.hql.internal.antlr.HqlSqlBaseWalker.fromElement(HqlSqlBaseWalker.java:3706)
	at org.hibernate.hql.internal.antlr.HqlSqlBaseWalker.fromElementList(HqlSqlBaseWalker.java:3595)
	at org.hibernate.hql.internal.antlr.HqlSqlBaseWalker.fromClause(HqlSqlBaseWalker.java:720)
	at org.hibernate.hql.internal.antlr.HqlSqlBaseWalker.query(HqlSqlBaseWalker.java:576)
	at org.hibernate.hql.internal.antlr.HqlSqlBaseWalker.selectStatement(HqlSqlBaseWalker.java:313)
	at org.hibernate.hql.internal.antlr.HqlSqlBaseWalker.statement(HqlSqlBaseWalker.java:261)
	at org.hibernate.hql.internal.ast.QueryTranslatorImpl.analyze(QueryTranslatorImpl.java:266)
	at org.hibernate.hql.internal.ast.QueryTranslatorImpl.doCompile(QueryTranslatorImpl.java:189)
	... 93 common frames omitted
文件记录-2020-07-26 16:08:11 [restartedMain] INFO  org.springframework.boot.web.embedded.tomcat.TomcatWebServer - Tomcat initialized with port(s): 8083 (http)
文件记录-2020-07-26 16:08:11 [restartedMain] INFO  org.apache.coyote.http11.Http11NioProtocol - Initializing ProtocolHandler ["http-nio-8083"]
文件记录-2020-07-26 16:08:11 [restartedMain] INFO  org.apache.catalina.core.StandardService - Starting service [Tomcat]
文件记录-2020-07-26 16:09:02 [restartedMain] INFO  org.springframework.boot.web.embedded.tomcat.TomcatWebServer - Tomcat initialized with port(s): 8081 (http)
文件记录-2020-07-26 16:09:02 [restartedMain] INFO  org.apache.coyote.http11.Http11NioProtocol - Initializing ProtocolHandler ["http-nio-8081"]
文件记录-2020-07-26 16:09:02 [restartedMain] INFO  org.apache.catalina.core.StandardService - Starting service [Tomcat]
文件记录-2020-07-26 17:14:49 [restartedMain] INFO  org.springframework.boot.web.embedded.tomcat.TomcatWebServer - Tomcat initialized with port(s): 8081 (http)
文件记录-2020-07-26 17:14:49 [restartedMain] INFO  org.apache.coyote.http11.Http11NioProtocol - Initializing ProtocolHandler ["http-nio-8081"]
文件记录-2020-07-26 17:14:49 [restartedMain] INFO  org.apache.catalina.core.StandardService - Starting service [Tomcat]
