文件记录-2020-07-26 17:14:50 [localhost-startStop-1] INFO  org.apache.catalina.core.AprLifecycleListener - OpenSSL successfully initialized [OpenSSL 1.0.2m  2 Nov 2017]
文件记录-2020-07-26 17:14:50 [localhost-startStop-1] INFO  org.apache.jasper.servlet.TldScanner - At least one JAR was scanned for TLDs yet contained no TLDs. Enable debug logging for this logger for a complete list of JARs that were scanned but no TLDs were found in them. Skipping unneeded JARs during scanning can improve startup time and JSP compilation time.
文件记录-2020-07-26 17:14:50 [localhost-startStop-1] INFO  org.apache.catalina.core.ContainerBase.[Tomcat].[localhost].[/] - Initializing Spring embedded WebApplicationContext
文件记录-2020-07-26 17:14:50 [localhost-startStop-1] INFO  org.springframework.web.context.ContextLoader - Root WebApplicationContext: initialization completed in 2058 ms
文件记录-2020-07-26 17:14:50 [localhost-startStop-1] INFO  org.springframework.boot.web.servlet.ServletRegistrationBean - Servlet dispatcherServlet mapped to [/]
文件记录-2020-07-26 17:14:50 [localhost-startStop-1] INFO  org.springframework.boot.web.servlet.FilterRegistrationBean - Mapping filter: 'characterEncodingFilter' to: [/*]
文件记录-2020-07-26 17:14:50 [localhost-startStop-1] INFO  org.springframework.boot.web.servlet.FilterRegistrationBean - Mapping filter: 'hiddenHttpMethodFilter' to: [/*]
文件记录-2020-07-26 17:14:50 [localhost-startStop-1] INFO  org.springframework.boot.web.servlet.FilterRegistrationBean - Mapping filter: 'httpPutFormContentFilter' to: [/*]
文件记录-2020-07-26 17:14:50 [localhost-startStop-1] INFO  org.springframework.boot.web.servlet.FilterRegistrationBean - Mapping filter: 'requestContextFilter' to: [/*]
文件记录-2020-07-26 17:14:50 [restartedMain] INFO  com.zaxxer.hikari.HikariDataSource - HikariPool-1 - Starting...
文件记录-2020-07-26 17:14:50 [restartedMain] INFO  com.zaxxer.hikari.HikariDataSource - HikariPool-1 - Start completed.
文件记录-2020-07-26 17:14:50 [restartedMain] INFO  org.springframework.orm.jpa.LocalContainerEntityManagerFactoryBean - Building JPA container EntityManagerFactory for persistence unit 'default'
文件记录-2020-07-26 17:14:50 [restartedMain] INFO  org.hibernate.jpa.internal.util.LogHelper - HHH000204: Processing PersistenceUnitInfo [
	name: default
	...]
文件记录-2020-07-26 17:14:50 [restartedMain] INFO  org.hibernate.Version - HHH000412: Hibernate Core {5.2.14.Final}
文件记录-2020-07-26 17:14:50 [restartedMain] INFO  org.hibernate.cfg.Environment - HHH000206: hibernate.properties not found
文件记录-2020-07-26 17:14:50 [restartedMain] INFO  org.hibernate.annotations.common.Version - HCANN000001: Hibernate Commons Annotations {5.0.1.Final}
文件记录-2020-07-26 17:14:50 [restartedMain] INFO  org.hibernate.dialect.Dialect - HHH000400: Using dialect: org.hibernate.dialect.MySQL5InnoDBDialect
文件记录-2020-07-26 17:14:51 [restartedMain] INFO  org.springframework.orm.jpa.LocalContainerEntityManagerFactoryBean - Initialized JPA EntityManagerFactory for persistence unit 'default'
文件记录-2020-07-26 17:14:51 [restartedMain] INFO  org.springframework.web.servlet.mvc.method.annotation.RequestMappingHandlerAdapter - Looking for @ControllerAdvice: org.springframework.boot.web.servlet.context.AnnotationConfigServletWebServerApplicationContext@3405f857: startup date [Sun Jul 26 17:14:48 CST 2020]; root of context hierarchy
文件记录-2020-07-26 17:14:51 [restartedMain] WARN  org.springframework.boot.autoconfigure.orm.jpa.JpaBaseConfiguration$JpaWebConfiguration$JpaWebMvcConfiguration - spring.jpa.open-in-view is enabled by default. Therefore, database queries may be performed during view rendering. Explicitly configure spring.jpa.open-in-view to disable this warning
文件记录-2020-07-26 17:14:51 [restartedMain] INFO  org.springframework.web.servlet.mvc.method.annotation.RequestMappingHandlerMapping - Mapped "{[/user/getuser/{id}]}" onto public java.lang.Object springBoot.Application.getById(long)
文件记录-2020-07-26 17:14:51 [restartedMain] INFO  org.springframework.web.servlet.mvc.method.annotation.RequestMappingHandlerMapping - Mapped "{[/]}" onto public java.lang.String springBoot.controller.UserController.index()
文件记录-2020-07-26 17:14:51 [restartedMain] INFO  org.springframework.web.servlet.mvc.method.annotation.RequestMappingHandlerMapping - Mapped "{[/add]}" onto public java.lang.String springBoot.controller.UserController.add(springBoot.bean.User)
文件记录-2020-07-26 17:14:51 [restartedMain] INFO  org.springframework.web.servlet.mvc.method.annotation.RequestMappingHandlerMapping - Mapped "{[/delete]}" onto public java.lang.String springBoot.controller.UserController.delete(java.lang.Long)
文件记录-2020-07-26 17:14:51 [restartedMain] INFO  org.springframework.web.servlet.mvc.method.annotation.RequestMappingHandlerMapping - Mapped "{[/list]}" onto public java.lang.String springBoot.controller.UserController.list(org.springframework.ui.Model)
文件记录-2020-07-26 17:14:51 [restartedMain] INFO  org.springframework.web.servlet.mvc.method.annotation.RequestMappingHandlerMapping - Mapped "{[/toAdd]}" onto public java.lang.String springBoot.controller.UserController.toadd(springBoot.bean.User)
文件记录-2020-07-26 17:14:51 [restartedMain] INFO  org.springframework.web.servlet.mvc.method.annotation.RequestMappingHandlerMapping - Mapped "{[/edit]}" onto public java.lang.String springBoot.controller.UserController.edit(springBoot.bean.User)
文件记录-2020-07-26 17:14:51 [restartedMain] INFO  org.springframework.web.servlet.mvc.method.annotation.RequestMappingHandlerMapping - Mapped "{[/toEdit]}" onto public java.lang.String springBoot.controller.UserController.toEdit(org.springframework.ui.Model,java.lang.Long)
文件记录-2020-07-26 17:14:51 [restartedMain] INFO  org.springframework.web.servlet.mvc.method.annotation.RequestMappingHandlerMapping - Mapped "{[/error]}" onto public org.springframework.http.ResponseEntity<java.util.Map<java.lang.String, java.lang.Object>> org.springframework.boot.autoconfigure.web.servlet.error.BasicErrorController.error(javax.servlet.http.HttpServletRequest)
文件记录-2020-07-26 17:14:51 [restartedMain] INFO  org.springframework.web.servlet.mvc.method.annotation.RequestMappingHandlerMapping - Mapped "{[/error],produces=[text/html]}" onto public org.springframework.web.servlet.ModelAndView org.springframework.boot.autoconfigure.web.servlet.error.BasicErrorController.errorHtml(javax.servlet.http.HttpServletRequest,javax.servlet.http.HttpServletResponse)
文件记录-2020-07-26 17:14:51 [restartedMain] INFO  org.springframework.web.servlet.handler.SimpleUrlHandlerMapping - Mapped URL path [/webjars/**] onto handler of type [class org.springframework.web.servlet.resource.ResourceHttpRequestHandler]
文件记录-2020-07-26 17:14:51 [restartedMain] INFO  org.springframework.web.servlet.handler.SimpleUrlHandlerMapping - Mapped URL path [/**] onto handler of type [class org.springframework.web.servlet.resource.ResourceHttpRequestHandler]
文件记录-2020-07-26 17:14:51 [restartedMain] INFO  org.springframework.web.servlet.handler.SimpleUrlHandlerMapping - Mapped URL path [/**/favicon.ico] onto handler of type [class org.springframework.web.servlet.resource.ResourceHttpRequestHandler]
文件记录-2020-07-26 17:14:51 [restartedMain] WARN  org.thymeleaf.templatemode.TemplateMode - [THYMELEAF][restartedMain] Template Mode 'LEGACYHTML5' is deprecated. Using Template Mode 'HTML' instead.
文件记录-2020-07-26 17:14:52 [restartedMain] INFO  org.springframework.boot.devtools.autoconfigure.OptionalLiveReloadServer - LiveReload server is running on port 35729
文件记录-2020-07-26 17:14:52 [restartedMain] INFO  org.springframework.jmx.export.annotation.AnnotationMBeanExporter - Registering beans for JMX exposure on startup
文件记录-2020-07-26 17:14:52 [restartedMain] INFO  org.springframework.jmx.export.annotation.AnnotationMBeanExporter - Bean with name 'dataSource' has been autodetected for JMX exposure
文件记录-2020-07-26 17:14:52 [restartedMain] INFO  org.springframework.jmx.export.annotation.AnnotationMBeanExporter - Located MBean 'dataSource': registering with JMX server as MBean [com.zaxxer.hikari:name=dataSource,type=HikariDataSource]
文件记录-2020-07-26 17:14:52 [restartedMain] INFO  org.apache.coyote.http11.Http11NioProtocol - Starting ProtocolHandler ["http-nio-8081"]
文件记录-2020-07-26 17:14:52 [restartedMain] INFO  org.apache.tomcat.util.net.NioSelectorPool - Using a shared selector for servlet write/read
文件记录-2020-07-26 17:14:52 [restartedMain] INFO  org.springframework.boot.web.embedded.tomcat.TomcatWebServer - Tomcat started on port(s): 8081 (http) with context path ''
文件记录-2020-07-26 17:14:52 [restartedMain] INFO  springBoot.Application - Started Application in 4.074 seconds (JVM running for 4.589)
文件记录-2020-07-26 17:17:21 [http-nio-8081-exec-1] INFO  org.apache.catalina.core.ContainerBase.[Tomcat].[localhost].[/] - Initializing Spring FrameworkServlet 'dispatcherServlet'
文件记录-2020-07-26 17:17:21 [http-nio-8081-exec-1] INFO  org.springframework.web.servlet.DispatcherServlet - FrameworkServlet 'dispatcherServlet': initialization started
文件记录-2020-07-26 17:17:21 [http-nio-8081-exec-1] INFO  org.springframework.web.servlet.DispatcherServlet - FrameworkServlet 'dispatcherServlet': initialization completed in 18 ms
文件记录-2020-07-26 17:17:21 [http-nio-8081-exec-1] INFO  springBoot.aspect.LogAspect - ---------doBefore-------------
文件记录-2020-07-26 17:17:21 [http-nio-8081-exec-1] INFO  springBoot.aspect.LogAspect - Request : RequestLog [url=http://localhost:8081/, ip=0:0:0:0:0:0:0:1, classMethod=springBoot.controller.UserController.index, args=[]]
文件记录-2020-07-26 17:17:21 [http-nio-8081-exec-1] INFO  springBoot.aspect.LogAspect - ---------doAfter-------------
文件记录-2020-07-26 17:17:21 [http-nio-8081-exec-1] INFO  springBoot.aspect.LogAspect - Result : redirect:/list
文件记录-2020-07-26 17:17:21 [http-nio-8081-exec-2] INFO  springBoot.aspect.LogAspect - ---------doBefore-------------
文件记录-2020-07-26 17:17:21 [http-nio-8081-exec-2] INFO  springBoot.aspect.LogAspect - Request : RequestLog [url=http://localhost:8081/list, ip=0:0:0:0:0:0:0:1, classMethod=springBoot.controller.UserController.list, args=[{}]]
文件记录-2020-07-26 17:17:21 [http-nio-8081-exec-2] INFO  org.hibernate.hql.internal.QueryTranslatorFactoryInitiator - HHH000397: Using ASTQueryTranslatorFactory
文件记录-2020-07-26 17:17:21 [http-nio-8081-exec-2] INFO  springBoot.aspect.LogAspect - ---------doAfter-------------
文件记录-2020-07-26 17:17:21 [http-nio-8081-exec-2] INFO  springBoot.aspect.LogAspect - Result : user/list
文件记录-2020-07-26 17:20:17 [http-nio-8081-exec-6] INFO  springBoot.aspect.LogAspect - ---------doBefore-------------
文件记录-2020-07-26 17:20:17 [http-nio-8081-exec-6] INFO  springBoot.aspect.LogAspect - Request : RequestLog [url=http://localhost:8081/list, ip=0:0:0:0:0:0:0:1, classMethod=springBoot.controller.UserController.list, args=[{}]]
文件记录-2020-07-26 17:20:17 [http-nio-8081-exec-6] INFO  springBoot.aspect.LogAspect - ---------doAfter-------------
文件记录-2020-07-26 17:20:17 [http-nio-8081-exec-6] INFO  springBoot.aspect.LogAspect - Result : user/list
文件记录-2020-07-26 17:20:48 [http-nio-8081-exec-8] INFO  springBoot.aspect.LogAspect - ---------doBefore-------------
文件记录-2020-07-26 17:20:48 [http-nio-8081-exec-8] INFO  springBoot.aspect.LogAspect - Request : RequestLog [url=http://localhost:8081/list, ip=0:0:0:0:0:0:0:1, classMethod=springBoot.controller.UserController.list, args=[{}]]
文件记录-2020-07-26 17:20:48 [http-nio-8081-exec-8] INFO  springBoot.aspect.LogAspect - ---------doAfter-------------
文件记录-2020-07-26 17:20:48 [http-nio-8081-exec-8] INFO  springBoot.aspect.LogAspect - Result : user/list
文件记录-2020-07-26 17:21:49 [http-nio-8081-exec-2] INFO  springBoot.aspect.LogAspect - ---------doBefore-------------
文件记录-2020-07-26 17:21:49 [http-nio-8081-exec-2] INFO  springBoot.aspect.LogAspect - Request : RequestLog [url=http://localhost:8081/list, ip=0:0:0:0:0:0:0:1, classMethod=springBoot.controller.UserController.list, args=[{}]]
文件记录-2020-07-26 17:21:49 [http-nio-8081-exec-2] INFO  springBoot.aspect.LogAspect - ---------doAfter-------------
文件记录-2020-07-26 17:21:49 [http-nio-8081-exec-2] INFO  springBoot.aspect.LogAspect - Result : user/list
文件记录-2020-07-26 17:29:37 [RMI TCP Connection(4)-127.0.0.1] INFO  org.springframework.boot.admin.SpringApplicationAdminMXBeanRegistrar$SpringApplicationAdmin - Application shutdown requested.
文件记录-2020-07-26 17:29:37 [RMI TCP Connection(4)-127.0.0.1] INFO  org.springframework.boot.web.servlet.context.AnnotationConfigServletWebServerApplicationContext - Closing org.springframework.boot.web.servlet.context.AnnotationConfigServletWebServerApplicationContext@3405f857: startup date [Sun Jul 26 17:14:48 CST 2020]; root of context hierarchy
文件记录-2020-07-26 17:29:37 [RMI TCP Connection(4)-127.0.0.1] INFO  org.springframework.jmx.export.annotation.AnnotationMBeanExporter - Unregistering JMX-exposed beans on shutdown
文件记录-2020-07-26 17:29:37 [RMI TCP Connection(4)-127.0.0.1] INFO  org.springframework.jmx.export.annotation.AnnotationMBeanExporter - Unregistering JMX-exposed beans
文件记录-2020-07-26 17:29:37 [RMI TCP Connection(4)-127.0.0.1] INFO  org.springframework.orm.jpa.LocalContainerEntityManagerFactoryBean - Closing JPA EntityManagerFactory for persistence unit 'default'
文件记录-2020-07-26 17:29:37 [RMI TCP Connection(4)-127.0.0.1] INFO  com.zaxxer.hikari.HikariDataSource - HikariPool-1 - Shutdown initiated...
文件记录-2020-07-26 17:29:37 [RMI TCP Connection(4)-127.0.0.1] INFO  com.zaxxer.hikari.HikariDataSource - HikariPool-1 - Shutdown completed.
